0 info it worked if it ends with ok
1 verbose cli [ '/usr/bin/node',
1 verbose cli   '/usr/bin/npm',
1 verbose cli   'run',
1 verbose cli   'start-android-bundle',
1 verbose cli   '--uglyfy' ]
2 info using npm@3.10.9
3 info using node@v6.9.2
4 verbose run-script [ 'prestart-android-bundle',
4 verbose run-script   'start-android-bundle',
4 verbose run-script   'poststart-android-bundle' ]
5 info lifecycle @~prestart-android-bundle: @
6 silly lifecycle @~prestart-android-bundle: no script for prestart-android-bundle, continuing
7 info lifecycle @~start-android-bundle: @
8 verbose lifecycle @~start-android-bundle: unsafe-perm in lifecycle true
9 verbose lifecycle @~start-android-bundle: PATH: /usr/lib/node_modules/npm/bin/node-gyp-bin:/home/bruno/Desarrollo/NativeScript/Astir/node_modules/.bin:/usr/java/jdk1.8.0_121/bin:/usr/lib64/ccache:/usr/local/bin:/usr/local/sbin:/usr/bin:/usr/sbin:/opt/android-studio/bin:/home/bruno/Android/Sdk/tools
10 verbose lifecycle @~start-android-bundle: CWD: /home/bruno/Desarrollo/NativeScript/Astir
11 silly lifecycle @~start-android-bundle: Args: [ '-c', 'npm run ns-bundle --android --start-app' ]
12 silly lifecycle @~start-android-bundle: Returned: code: 1  signal: null
13 info lifecycle @~start-android-bundle: Failed to exec start-android-bundle script
14 verbose stack Error: @ start-android-bundle: `npm run ns-bundle --android --start-app`
14 verbose stack Exit status 1
14 verbose stack     at EventEmitter.<anonymous> (/usr/lib/node_modules/npm/lib/utils/lifecycle.js:255:16)
14 verbose stack     at emitTwo (events.js:106:13)
14 verbose stack     at EventEmitter.emit (events.js:191:7)
14 verbose stack     at ChildProcess.<anonymous> (/usr/lib/node_modules/npm/lib/utils/spawn.js:40:14)
14 verbose stack     at emitTwo (events.js:106:13)
14 verbose stack     at ChildProcess.emit (events.js:191:7)
14 verbose stack     at maybeClose (internal/child_process.js:877:16)
14 verbose stack     at Process.ChildProcess._handle.onexit (internal/child_process.js:226:5)
15 verbose pkgid @
16 verbose cwd /home/bruno/Desarrollo/NativeScript/Astir
17 error Linux 4.8.16-300.fc25.x86_64
18 error argv "/usr/bin/node" "/usr/bin/npm" "run" "start-android-bundle" "--uglyfy"
19 error node v6.9.2
20 error npm  v3.10.9
21 error code ELIFECYCLE
22 error @ start-android-bundle: `npm run ns-bundle --android --start-app`
22 error Exit status 1
23 error Failed at the @ start-android-bundle script 'npm run ns-bundle --android --start-app'.
23 error Make sure you have the latest version of node.js and npm installed.
23 error If you do, this is most likely a problem with the  package,
23 error not with npm itself.
23 error Tell the author that this fails on your system:
23 error     npm run ns-bundle --android --start-app
23 error You can get information on how to open an issue for this project with:
23 error     npm bugs
23 error Or if that isn't available, you can get their info via:
23 error     npm owner ls
23 error There is likely additional logging output above.
24 verbose exit [ 1, true ]
